#
# There is insufficient memory for the Java Runtime Environment to continue.
# Native memory allocation (mmap) failed to map 134217728 bytes for G1 virtual space
# Possible reasons:
#   The system is out of physical RAM or swap space
#   The process is running with CompressedOops enabled, and the Java Heap may be blocking the growth of the native heap
# Possible solutions:
#   Reduce memory load on the system
#   Increase physical memory or swap space
#   Check if swap backing store is full
#   Decrease Java heap size (-Xmx/-Xms)
#   Decrease number of Java threads
#   Decrease Java thread stack sizes (-Xss)
#   Set larger code cache with -XX:ReservedCodeCacheSize=
#   JVM is running with Unscaled Compressed Oops mode in which the Java heap is
#     placed in the first 4GB address space. The Java Heap base address is the
#     maximum limit for the native heap growth. Please use -XX:HeapBaseMinAddress
#     to set the Java Heap base and to place the Java Heap above 4GB virtual address.
# This output file may be truncated or incomplete.
#
#  Out of Memory Error (./open/src/hotspot/os/windows/os_windows.cpp:3472), pid=31172, tid=31228
#
# JRE version:  (15.0+36) (build )
# Java VM: OpenJDK 64-Bit Server VM (15+36-1562, mixed mode, sharing, tiered, compressed oops, g1 gc, windows-amd64)
# No core dump will be written. Minidumps are not enabled by default on client versions of Windows
#

---------------  S U M M A R Y ------------

Command Line: -Dfile.encoding=Cp1252 -XX:+ShowCodeDetailsInExceptionMessages Client.ChatUI

Host: Intel(R) Core(TM) i7 CPU         960  @ 3.20GHz, 8 cores, 7G,  Windows 10 , 64 bit Build 19041 (10.0.19041.804)
Time: Thu Apr  8 22:55:49 2021 GMT Daylight Time elapsed time: 0.035406 seconds (0d 0h 0m 0s)

---------------  T H R E A D  ---------------

Current thread (0x000002219fe65cb0):  JavaThread "Unknown thread" [_thread_in_vm, id=31228, stack(0x000000fe63900000,0x000000fe63a00000)]

Stack: [0x000000fe63900000,0x000000fe63a00000]
Native frames: (J=compiled Java code, j=interpreted, Vv=VM code, C=native code)
V  [jvm.dll+0x629eaa]
V  [jvm.dll+0x780379]
V  [jvm.dll+0x781ad3]
V  [jvm.dll+0x782133]
V  [jvm.dll+0x2159d5]
V  [jvm.dll+0x627299]
V  [jvm.dll+0x61bdd5]
V  [jvm.dll+0x2cf96d]
V  [jvm.dll+0x2cf7d2]
V  [jvm.dll+0x2d57ac]
V  [jvm.dll+0x32523a]
V  [jvm.dll+0x324904]
V  [jvm.dll+0x2a68ea]
V  [jvm.dll+0x2a7a88]
V  [jvm.dll+0x75d0f1]
V  [jvm.dll+0x333af4]
V  [jvm.dll+0x73d816]
V  [jvm.dll+0x3b68e7]
V  [jvm.dll+0x3b8371]
C  [jli.dll+0x52fb]
C  [ucrtbase.dll+0x21bb2]
C  [KERNEL32.DLL+0x17034]
C  [ntdll.dll+0x52651]


---------------  P R O C E S S  ---------------

Threads class SMR info:
_java_thread_list=0x00007ffb44182fa0, length=0, elements={
}

Java Threads: ( => current thread )

Other Threads:
  0x000002219fea84e0 GCTaskThread "GC Thread#0" [stack: 0x000000fe63a00000,0x000000fe63b00000] [id=31232]
  0x000002219feb9f10 ConcurrentGCThread "G1 Main Marker" [stack: 0x000000fe63b00000,0x000000fe63c00000] [id=31236]
  0x000002219febeb90 ConcurrentGCThread "G1 Conc#0" [stack: 0x000000fe63c00000,0x000000fe63d00000] [id=31240]

[error occurred during error reporting (printing all threads), id 0xc0000005, EXCEPTION_ACCESS_VIOLATION (0xc0000005) at pc=0x00007ffb439777b7]

VM state: not at safepoint (not fully initialized)

VM Mutex/Monitor currently owned by a thread:  ([mutex/lock_event])
[0x000002219fe613f0] Heap_lock - owner thread: 0x000002219fe65cb0

Heap address: 0x0000000080200000, size: 2046 MB, Compressed Oops mode: 32-bit
CDS archive(s) mapped at: [0x0000000000000000-0x0000000000000000-0x0000000000000000), size 0, SharedBaseAddress: 0x0000000800000000, ArchiveRelocationMode: 0.
Narrow klass base: 0x0000000000000000, Narrow klass shift: 0, Narrow klass range: 0x0

Heap:
 garbage-first heap   total 131072K, used 0K [0x0000000080200000, 0x0000000100000000)
  region size 1024K, 0 young (0K), 0 survivors (0K)
 Metaspace       used 0K, capacity 0K, committed 0K, reserved 0K
  class space    used 0K, capacity 0K, committed 0K, reserved 0K

Heap Regions: E=young(eden), S=young(survivor), O=old, HS=humongous(starts), HC=humongous(continues), CS=collection set, F=free, OA=open archive, CA=closed archive, TAMS=top-at-mark-start (previous, next)

Card table byte_map: [0x00000221b9710000,0x00000221b9b10000] _byte_map_base: 0x00000221b930f000

Marking Bits (Prev, Next): (CMBitMap*) 0x000002219fea8d50, (CMBitMap*) 0x000002219fea8d90
 Prev Bits: [0x00000221b9f10000, 0x00000221bbf08000)
 Next Bits: [0x00000221bbf10000, 0x00000221bdf08000)

GC Heap History (0 events):
No events

Deoptimization events (0 events):
No events

Classes unloaded (0 events):
No events

Classes redefined (0 events):
No events

Internal exceptions (0 events):
No events

Events (1 events):
Event: 0.021 Loaded shared library C:\jdk\bin\java.dll


Dynamic libraries:
0x00007ff6f6310000 - 0x00007ff6f631d000 	C:\jdk\bin\javaw.exe
0x00007ffb63210000 - 0x00007ffb63405000 	C:\WINDOWS\SYSTEM32\ntdll.dll
0x00007ffb3f1d0000 - 0x00007ffb3f1e2000 	C:\Program Files\AVG\Antivirus\aswhook.dll
0x00007ffb61880000 - 0x00007ffb6193d000 	C:\WINDOWS\System32\KERNEL32.DLL
0x00007ffb60b70000 - 0x00007ffb60e39000 	C:\WINDOWS\System32\KERNELBASE.dll
0x00007ffb609d0000 - 0x00007ffb60ad0000 	C:\WINDOWS\System32\ucrtbase.dll
0x00007ffb5c880000 - 0x00007ffb5c898000 	C:\jdk\bin\jli.dll
0x00007ffb5c8a0000 - 0x00007ffb5c8b9000 	C:\jdk\bin\VCRUNTIME140.dll
0x00007ffb621f0000 - 0x00007ffb62390000 	C:\WINDOWS\System32\USER32.dll
0x00007ffb60f50000 - 0x00007ffb60f72000 	C:\WINDOWS\System32\win32u.dll
0x00007ffb50c20000 - 0x00007ffb50eba000 	C:\WINDOWS\WinSxS\amd64_microsoft.windows.common-controls_6595b64144ccf1df_6.0.19041.844_none_ca00b6081b84eb1d\COMCTL32.dll
0x00007ffb63070000 - 0x00007ffb6309a000 	C:\WINDOWS\System32\GDI32.dll
0x00007ffb616e0000 - 0x00007ffb6177e000 	C:\WINDOWS\System32\msvcrt.dll
0x00007ffb60e40000 - 0x00007ffb60f4b000 	C:\WINDOWS\System32\gdi32full.dll
0x00007ffb60ad0000 - 0x00007ffb60b6d000 	C:\WINDOWS\System32\msvcp_win.dll
0x00007ffb61830000 - 0x00007ffb61860000 	C:\WINDOWS\System32\IMM32.DLL
0x00007ffb5c7e0000 - 0x00007ffb5c871000 	C:\jdk\bin\msvcp140.dll
0x00007ffb34600000 - 0x00007ffb3460c000 	C:\WINDOWS\SYSTEM32\VCRUNTIME140_1.dll
0x00007ffb436c0000 - 0x00007ffb4421c000 	C:\jdk\bin\server\jvm.dll
0x00007ffb62560000 - 0x00007ffb6260c000 	C:\WINDOWS\System32\ADVAPI32.dll
0x00007ffb62390000 - 0x00007ffb6242c000 	C:\WINDOWS\System32\sechost.dll
0x00007ffb62610000 - 0x00007ffb6273b000 	C:\WINDOWS\System32\RPCRT4.dll
0x00007ffb62d30000 - 0x00007ffb62d38000 	C:\WINDOWS\System32\PSAPI.DLL
0x00007ffb3eae0000 - 0x00007ffb3eae9000 	C:\WINDOWS\SYSTEM32\WSOCK32.dll
0x00007ffb53760000 - 0x00007ffb53787000 	C:\WINDOWS\SYSTEM32\WINMM.dll
0x00007ffb55d60000 - 0x00007ffb55d6a000 	C:\WINDOWS\SYSTEM32\VERSION.dll
0x00007ffb62cc0000 - 0x00007ffb62d2b000 	C:\WINDOWS\System32\WS2_32.dll
0x00007ffb5e8b0000 - 0x00007ffb5e8c2000 	C:\WINDOWS\SYSTEM32\kernel.appcore.dll
0x00007ffb5c8f0000 - 0x00007ffb5c8fa000 	C:\jdk\bin\jimage.dll
0x00007ffb54790000 - 0x00007ffb54974000 	C:\WINDOWS\SYSTEM32\DBGHELP.DLL
0x00007ffb546d0000 - 0x00007ffb546fc000 	C:\WINDOWS\SYSTEM32\dbgcore.DLL
0x00007ffb60950000 - 0x00007ffb609d0000 	C:\WINDOWS\System32\bcryptPrimitives.dll
0x00007ffb46340000 - 0x00007ffb46365000 	C:\jdk\bin\java.dll

dbghelp: loaded successfully - version: 4.0.5 - missing functions: none
symbol engine: initialized successfully - sym options: 0x614 - pdb path: .;C:\jdk\bin;C:\WINDOWS\SYSTEM32;C:\Program Files\AVG\Antivirus;C:\WINDOWS\WinSxS\amd64_microsoft.windows.common-controls_6595b64144ccf1df_6.0.19041.844_none_ca00b6081b84eb1d;C:\jdk\bin\server

VM Arguments:
jvm_args: -Dfile.encoding=Cp1252 -XX:+ShowCodeDetailsInExceptionMessages 
java_command: Client.ChatUI
java_class_path (initial): H:\Google Drive\DIT\year4\Distributed Systems\ca\chat\bin
Launcher Type: SUN_STANDARD

[Global flags]
     intx CICompilerCount                          = 4                                         {product} {ergonomic}
     uint ConcGCThreads                            = 2                                         {product} {ergonomic}
     uint G1ConcRefinementThreads                  = 8                                         {product} {ergonomic}
   size_t G1HeapRegionSize                         = 1048576                                   {product} {ergonomic}
    uintx GCDrainStackTargetSize                   = 64                                        {product} {ergonomic}
   size_t InitialHeapSize                          = 134217728                                 {product} {ergonomic}
   size_t MarkStackSize                            = 4194304                                   {product} {ergonomic}
   size_t MaxHeapSize                              = 2145386496                                {product} {ergonomic}
   size_t MinHeapDeltaBytes                        = 1048576                                   {product} {ergonomic}
   size_t MinHeapSize                              = 8388608                                   {product} {ergonomic}
    uintx NonNMethodCodeHeapSize                   = 5839372                                {pd product} {ergonomic}
    uintx NonProfiledCodeHeapSize                  = 122909434                              {pd product} {ergonomic}
    uintx ProfiledCodeHeapSize                     = 122909434                              {pd product} {ergonomic}
    uintx ReservedCodeCacheSize                    = 251658240                              {pd product} {ergonomic}
     bool SegmentedCodeCache                       = true                                      {product} {ergonomic}
     bool ShowCodeDetailsInExceptionMessages       = true                                   {manageable} {command line}
   size_t SoftMaxHeapSize                          = 2145386496                             {manageable} {ergonomic}
     bool UseCompressedClassPointers               = true                                 {lp64_product} {ergonomic}
     bool UseCompressedOops                        = true                                 {lp64_product} {ergonomic}
     bool UseG1GC                                  = true                                      {product} {ergonomic}
     bool UseLargePagesIndividualAllocation        = false                                  {pd product} {ergonomic}

Logging:
Log output configuration:
 #0: stdout all=warning uptime,level,tags
 #1: stderr all=off uptime,level,tags

Environment Variables:
JAVA_HOME=C:\jdk
PATH=C:/jdk/bin/server;C:/jdk/bin;C:\Program Files\Python38\Scripts\;C:\Program Files\Python38\;C:\Program Files\ImageMagick-7.0.10-Q16;C:\Program Files (x86)\Common Files\Oracle\Java\javapath;C:\Windows\system32;C:\Windows;C:\Windows\System32\Wbem;C:\Windows\System32\WindowsPowerShell\v1.0\;C:\Windows\System32\OpenSSH\;C:\Program Files\NVIDIA Corporation\NVIDIA NvDLISR;C:\Program Files\nodejs\;C:\Program Files\Microsoft SQL Server\Client SDK\ODBC\170\Tools\Binn\;C:\Program Files (x86)\Microsoft SQL Server\150\Tools\Binn\;C:\Program Files\Microsoft SQL Server\150\Tools\Binn\;C:\Program Files\Microsoft SQL Server\150\DTS\Binn\;C:\Program Files\Git\cmd;C:\Program Files\PuTTY\;C:\Program Files (x86)\NVIDIA Corporation\PhysX\Common;C:\Program Files\CMake\bin;C:\Program Files\dotnet\;C:\Program Files (x86)\Yarn\bin\;C:\Program Files\Microsoft SQL Server\Client SDK\ODBC\130\Tools\Binn\;C:\Program Files (x86)\Microsoft SQL Server\140\Tools\Binn\;C:\Program Files\Microsoft SQL Server\140\Tools\Binn\;C:\Program Files\Microsoft SQL Server\140\DTS\Binn\;C:\Program Files\Docker\Docker\resources\bin;C:\ProgramData\DockerDesktop\version-bin;C:\WINDOWS\system32;C:\WINDOWS;C:\WINDOWS\System32\Wbem;C:\WINDOWS\System32\WindowsPowerShell\v1.0\;C:\WINDOWS\System32\OpenSSH\;C:\Program Files (x86)\dotnet\;C:\Program Files (x86)\GitExtensions\;C:\Users\he\AppData\Local\Microsoft\WindowsApps;C:\Users\he\AppData\Local\Programs\Microsoft VS Code\bin;C:\Users\he\AppData\Roaming\npm;C:\Users\he\AppData\Local\GitHubDesktop\bin;C:\Users\he\.dotnet\tools;C:\Users\he\AppData\Local\Yarn\bin;C:\Users\he\AppData\Local\Packages\PythonSoftwareFoundation.Python.3.8_qbz5n2kfra8p0\LocalCache\local-packages\Python38\Scripts;C:\MinGW\bin;C:\instantclient_19_8;C:\Users\he\AppData\Local\Microsoft\WindowsApps;D:\metasploit-framework;C:\Program Files (x86)\Nmap;;H:\eclipse\eclipse;
USERNAME=he
OS=Windows_NT
PROCESSOR_IDENTIFIER=Intel64 Family 6 Model 26 Stepping 5, GenuineIntel



---------------  S Y S T E M  ---------------

OS:
 Windows 10 , 64 bit Build 19041 (10.0.19041.804)
OS uptime: 1 days 10:06 hours

CPU: total 8 (initial active 8) (4 cores per cpu, 2 threads per core) family 6 model 26 stepping 5, cmov, cx8, fxsr, mmx, sse, sse2, sse3, ssse3, sse4.1, sse4.2, popcnt, ht, tsc, tscinvbit, tscinv, clflush

Memory: 4k page, system-wide physical 8183M (862M free)
TotalPageFile size 26420M (AvailPageFile size 38M)
current process WorkingSet (physical memory assigned to process): 10M, peak: 10M
current process commit charge ("private bytes"): 60M, peak: 188M

vm_info: OpenJDK 64-Bit Server VM (15+36-1562) for windows-amd64 JRE (15+36-1562), built on Aug 11 2020 22:33:04 by "mach5one" with unknown MS VC++:1925

END.
